{"C:\\Users\\aluno\\Desktop\\exemplo2-oo\\src\\enums\\TipoCliente.ts": {"path":"C:\\Users\\aluno\\Desktop\\exemplo2-oo\\src\\enums\\TipoCliente.ts","statementMap":{"0":{"start":{"line":1,"column":0},"end":{"line":1,"column":null}},"1":{"start":{"line":2,"column":4},"end":{"line":2,"column":null}},"2":{"start":{"line":3,"column":4},"end":{"line":3,"column":null}},"3":{"start":{"line":4,"column":4},"end":{"line":4,"column":null}},"4":{"start":{"line":8,"column":0},"end":{"line":8,"column":null}}},"fnMap":{"0":{"name":"(anonymous_0)","decl":{"start":{"line":1,"column":0},"end":{"line":1,"column":5}},"loc":{"start":{"line":1,"column":16},"end":{"line":5,"column":1}}}},"branchMap":{"0":{"loc":{"start":{"line":1,"column":5},"end":{"line":1,"column":null}},"type":"binary-expr","locations":[{"start":{"line":1,"column":5},"end":{"line":1,"column":16}},{"start":{"line":1,"column":5},"end":{"line":1,"column":null}}]}},"s":{"0":2,"1":2,"2":2,"3":2,"4":2},"f":{"0":2},"b":{"0":[2,2]}}
,"C:\\Users\\aluno\\Desktop\\exemplo2-oo\\src\\models\\BankAccount.ts": {"path":"C:\\Users\\aluno\\Desktop\\exemplo2-oo\\src\\models\\BankAccount.ts","statementMap":{"0":{"start":{"line":7,"column":8},"end":{"line":7,"column":null}},"1":{"start":{"line":8,"column":8},"end":{"line":8,"column":null}},"2":{"start":{"line":9,"column":8},"end":{"line":9,"column":null}},"3":{"start":{"line":13,"column":8},"end":{"line":17,"column":null}},"4":{"start":{"line":14,"column":12},"end":{"line":14,"column":null}},"5":{"start":{"line":16,"column":12},"end":{"line":16,"column":null}},"6":{"start":{"line":20,"column":8},"end":{"line":24,"column":null}},"7":{"start":{"line":21,"column":12},"end":{"line":21,"column":null}},"8":{"start":{"line":23,"column":12},"end":{"line":23,"column":null}},"9":{"start":{"line":28,"column":8},"end":{"line":28,"column":null}},"10":{"start":{"line":32,"column":8},"end":{"line":32,"column":null}},"11":{"start":{"line":36,"column":8},"end":{"line":40,"column":6}},"12":{"start":{"line":37,"column":8},"end":{"line":37,"column":30}},"13":{"start":{"line":39,"column":8},"end":{"line":39,"column":null}},"14":{"start":{"line":42,"column":8},"end":{"line":46,"column":6}},"15":{"start":{"line":43,"column":8},"end":{"line":43,"column":30}},"16":{"start":{"line":45,"column":8},"end":{"line":45,"column":null}},"17":{"start":{"line":1,"column":0},"end":{"line":1,"column":21}}},"fnMap":{"0":{"name":"(anonymous_0)","decl":{"start":{"line":6,"column":4},"end":{"line":6,"column":null}},"loc":{"start":{"line":6,"column":4},"end":{"line":10,"column":5}}},"1":{"name":"(anonymous_1)","decl":{"start":{"line":12,"column":4},"end":{"line":12,"column":11}},"loc":{"start":{"line":12,"column":25},"end":{"line":18,"column":5}}},"2":{"name":"(anonymous_2)","decl":{"start":{"line":19,"column":4},"end":{"line":19,"column":12}},"loc":{"start":{"line":19,"column":27},"end":{"line":25,"column":5}}},"3":{"name":"(anonymous_3)","decl":{"start":{"line":27,"column":4},"end":{"line":27,"column":8}},"loc":{"start":{"line":27,"column":15},"end":{"line":29,"column":5}}},"4":{"name":"(anonymous_4)","decl":{"start":{"line":31,"column":4},"end":{"line":31,"column":18}},"loc":{"start":{"line":31,"column":18},"end":{"line":33,"column":5}}},"5":{"name":"(anonymous_5)","decl":{"start":{"line":35,"column":4},"end":{"line":35,"column":8}},"loc":{"start":{"line":35,"column":29},"end":{"line":40,"column":6}}},"6":{"name":"(anonymous_6)","decl":{"start":{"line":41,"column":4},"end":{"line":41,"column":8}},"loc":{"start":{"line":41,"column":29},"end":{"line":46,"column":6}}}},"branchMap":{"0":{"loc":{"start":{"line":13,"column":8},"end":{"line":17,"column":null}},"type":"if","locations":[{"start":{"line":13,"column":8},"end":{"line":17,"column":null}},{"start":{"line":15,"column":13},"end":{"line":17,"column":null}}]},"1":{"loc":{"start":{"line":20,"column":8},"end":{"line":24,"column":null}},"type":"if","locations":[{"start":{"line":20,"column":8},"end":{"line":24,"column":null}},{"start":{"line":22,"column":13},"end":{"line":24,"column":null}}]},"2":{"loc":{"start":{"line":36,"column":8},"end":{"line":40,"column":6}},"type":"if","locations":[{"start":{"line":36,"column":8},"end":{"line":40,"column":6}},{"start":{"line":38,"column":8},"end":{"line":40,"column":6}}]},"3":{"loc":{"start":{"line":42,"column":8},"end":{"line":46,"column":6}},"type":"if","locations":[{"start":{"line":42,"column":8},"end":{"line":46,"column":6}},{"start":{"line":44,"column":8},"end":{"line":46,"column":6}}]}},"s":{"0":8,"1":8,"2":8,"3":6,"4":5,"5":1,"6":4,"7":2,"8":2,"9":7,"10":3,"11":2,"12":1,"13":1,"14":2,"15":1,"16":1,"17":1},"f":{"0":8,"1":6,"2":4,"3":7,"4":3,"5":2,"6":2},"b":{"0":[5,1],"1":[2,2],"2":[1,1],"3":[1,1]}}
,"C:\\Users\\aluno\\Desktop\\exemplo2-oo\\src\\models\\CondicoesEmprestimo.ts": {"path":"C:\\Users\\aluno\\Desktop\\exemplo2-oo\\src\\models\\CondicoesEmprestimo.ts","statementMap":{"0":{"start":{"line":1,"column":0},"end":{"line":1,"column":46}},"1":{"start":{"line":10,"column":8},"end":{"line":10,"column":null}},"2":{"start":{"line":15,"column":8},"end":{"line":35,"column":null}},"3":{"start":{"line":17,"column":16},"end":{"line":17,"column":null}},"4":{"start":{"line":18,"column":16},"end":{"line":18,"column":null}},"5":{"start":{"line":19,"column":16},"end":{"line":19,"column":null}},"6":{"start":{"line":20,"column":16},"end":{"line":20,"column":21}},"7":{"start":{"line":22,"column":16},"end":{"line":22,"column":null}},"8":{"start":{"line":23,"column":16},"end":{"line":23,"column":null}},"9":{"start":{"line":24,"column":16},"end":{"line":24,"column":null}},"10":{"start":{"line":25,"column":16},"end":{"line":25,"column":21}},"11":{"start":{"line":27,"column":16},"end":{"line":27,"column":null}},"12":{"start":{"line":28,"column":16},"end":{"line":28,"column":null}},"13":{"start":{"line":29,"column":16},"end":{"line":29,"column":null}},"14":{"start":{"line":30,"column":16},"end":{"line":30,"column":21}},"15":{"start":{"line":32,"column":16},"end":{"line":32,"column":null}},"16":{"start":{"line":33,"column":16},"end":{"line":33,"column":null}},"17":{"start":{"line":34,"column":16},"end":{"line":34,"column":null}},"18":{"start":{"line":40,"column":8},"end":{"line":40,"column":null}},"19":{"start":{"line":43,"column":8},"end":{"line":43,"column":null}},"20":{"start":{"line":46,"column":8},"end":{"line":46,"column":null}},"21":{"start":{"line":3,"column":0},"end":{"line":3,"column":21}}},"fnMap":{"0":{"name":"(anonymous_0)","decl":{"start":{"line":8,"column":4},"end":{"line":8,"column":16}},"loc":{"start":{"line":8,"column":40},"end":{"line":11,"column":5}}},"1":{"name":"(anonymous_1)","decl":{"start":{"line":13,"column":12},"end":{"line":13,"column":29}},"loc":{"start":{"line":13,"column":54},"end":{"line":38,"column":5}}},"2":{"name":"(anonymous_2)","decl":{"start":{"line":39,"column":4},"end":{"line":39,"column":8}},"loc":{"start":{"line":39,"column":17},"end":{"line":41,"column":5}}},"3":{"name":"(anonymous_3)","decl":{"start":{"line":42,"column":4},"end":{"line":42,"column":8}},"loc":{"start":{"line":42,"column":14},"end":{"line":44,"column":5}}},"4":{"name":"(anonymous_4)","decl":{"start":{"line":45,"column":4},"end":{"line":45,"column":8}},"loc":{"start":{"line":45,"column":34},"end":{"line":47,"column":5}}}},"branchMap":{"0":{"loc":{"start":{"line":15,"column":8},"end":{"line":35,"column":null}},"type":"switch","locations":[{"start":{"line":16,"column":12},"end":{"line":20,"column":21}},{"start":{"line":21,"column":12},"end":{"line":25,"column":21}},{"start":{"line":26,"column":12},"end":{"line":30,"column":21}},{"start":{"line":31,"column":12},"end":{"line":34,"column":null}}]}},"s":{"0":2,"1":15,"2":15,"3":5,"4":5,"5":5,"6":5,"7":5,"8":5,"9":5,"10":5,"11":5,"12":5,"13":5,"14":5,"15":0,"16":0,"17":0,"18":9,"19":15,"20":13,"21":2},"f":{"0":15,"1":15,"2":9,"3":15,"4":13},"b":{"0":[5,5,5,0]}}
,"C:\\Users\\aluno\\Desktop\\exemplo2-oo\\src\\models\\Emprestimo.ts": {"path":"C:\\Users\\aluno\\Desktop\\exemplo2-oo\\src\\models\\Emprestimo.ts","statementMap":{"0":{"start":{"line":67,"column":0},"end":{"line":67,"column":56}},"1":{"start":{"line":75,"column":8},"end":{"line":75,"column":null}},"2":{"start":{"line":76,"column":8},"end":{"line":76,"column":null}},"3":{"start":{"line":77,"column":8},"end":{"line":77,"column":null}},"4":{"start":{"line":81,"column":26},"end":{"line":81,"column":68}},"5":{"start":{"line":82,"column":8},"end":{"line":88,"column":null}},"6":{"start":{"line":83,"column":28},"end":{"line":83,"column":53}},"7":{"start":{"line":84,"column":12},"end":{"line":84,"column":null}},"8":{"start":{"line":85,"column":12},"end":{"line":85,"column":null}},"9":{"start":{"line":86,"column":12},"end":{"line":86,"column":null}},"10":{"start":{"line":87,"column":12},"end":{"line":87,"column":null}},"11":{"start":{"line":89,"column":8},"end":{"line":89,"column":null}},"12":{"start":{"line":93,"column":8},"end":{"line":93,"column":null}},"13":{"start":{"line":69,"column":0},"end":{"line":69,"column":21}}},"fnMap":{"0":{"name":"(anonymous_0)","decl":{"start":{"line":74,"column":4},"end":{"line":74,"column":16}},"loc":{"start":{"line":74,"column":83},"end":{"line":78,"column":5}}},"1":{"name":"(anonymous_1)","decl":{"start":{"line":80,"column":4},"end":{"line":80,"column":20}},"loc":{"start":{"line":80,"column":20},"end":{"line":91,"column":5}}},"2":{"name":"(anonymous_2)","decl":{"start":{"line":92,"column":4},"end":{"line":92,"column":24}},"loc":{"start":{"line":92,"column":24},"end":{"line":94,"column":5}}}},"branchMap":{"0":{"loc":{"start":{"line":82,"column":8},"end":{"line":88,"column":null}},"type":"if","locations":[{"start":{"line":82,"column":8},"end":{"line":88,"column":null}}]},"1":{"loc":{"start":{"line":82,"column":11},"end":{"line":82,"column":112}},"type":"binary-expr","locations":[{"start":{"line":82,"column":11},"end":{"line":82,"column":42}},{"start":{"line":82,"column":46},"end":{"line":82,"column":112}}]}},"s":{"0":1,"1":6,"2":6,"3":6,"4":12,"5":12,"6":6,"7":6,"8":6,"9":6,"10":6,"11":6,"12":6,"13":1},"f":{"0":6,"1":12,"2":6},"b":{"0":[6],"1":[12,10]}}
}
