{"C:\\Users\\aluno\\Desktop\\exemplo2-oo\\src\\models\\BankAccount.ts": {"path":"C:\\Users\\aluno\\Desktop\\exemplo2-oo\\src\\models\\BankAccount.ts","statementMap":{"0":{"start":{"line":7,"column":8},"end":{"line":7,"column":null}},"1":{"start":{"line":8,"column":8},"end":{"line":8,"column":null}},"2":{"start":{"line":9,"column":8},"end":{"line":9,"column":null}},"3":{"start":{"line":13,"column":8},"end":{"line":17,"column":null}},"4":{"start":{"line":14,"column":12},"end":{"line":14,"column":null}},"5":{"start":{"line":16,"column":12},"end":{"line":16,"column":null}},"6":{"start":{"line":20,"column":8},"end":{"line":24,"column":null}},"7":{"start":{"line":21,"column":12},"end":{"line":21,"column":null}},"8":{"start":{"line":23,"column":12},"end":{"line":23,"column":null}},"9":{"start":{"line":28,"column":8},"end":{"line":28,"column":null}},"10":{"start":{"line":32,"column":8},"end":{"line":32,"column":null}},"11":{"start":{"line":36,"column":8},"end":{"line":40,"column":6}},"12":{"start":{"line":37,"column":8},"end":{"line":37,"column":30}},"13":{"start":{"line":39,"column":8},"end":{"line":39,"column":null}},"14":{"start":{"line":42,"column":8},"end":{"line":46,"column":6}},"15":{"start":{"line":43,"column":8},"end":{"line":43,"column":30}},"16":{"start":{"line":45,"column":8},"end":{"line":45,"column":null}},"17":{"start":{"line":1,"column":0},"end":{"line":1,"column":21}}},"fnMap":{"0":{"name":"(anonymous_0)","decl":{"start":{"line":6,"column":4},"end":{"line":6,"column":null}},"loc":{"start":{"line":6,"column":4},"end":{"line":10,"column":5}}},"1":{"name":"(anonymous_1)","decl":{"start":{"line":12,"column":4},"end":{"line":12,"column":11}},"loc":{"start":{"line":12,"column":25},"end":{"line":18,"column":5}}},"2":{"name":"(anonymous_2)","decl":{"start":{"line":19,"column":4},"end":{"line":19,"column":12}},"loc":{"start":{"line":19,"column":27},"end":{"line":25,"column":5}}},"3":{"name":"(anonymous_3)","decl":{"start":{"line":27,"column":4},"end":{"line":27,"column":8}},"loc":{"start":{"line":27,"column":15},"end":{"line":29,"column":5}}},"4":{"name":"(anonymous_4)","decl":{"start":{"line":31,"column":4},"end":{"line":31,"column":18}},"loc":{"start":{"line":31,"column":18},"end":{"line":33,"column":5}}},"5":{"name":"(anonymous_5)","decl":{"start":{"line":35,"column":4},"end":{"line":35,"column":8}},"loc":{"start":{"line":35,"column":29},"end":{"line":40,"column":6}}},"6":{"name":"(anonymous_6)","decl":{"start":{"line":41,"column":4},"end":{"line":41,"column":8}},"loc":{"start":{"line":41,"column":29},"end":{"line":46,"column":6}}}},"branchMap":{"0":{"loc":{"start":{"line":13,"column":8},"end":{"line":17,"column":null}},"type":"if","locations":[{"start":{"line":13,"column":8},"end":{"line":17,"column":null}},{"start":{"line":15,"column":13},"end":{"line":17,"column":null}}]},"1":{"loc":{"start":{"line":20,"column":8},"end":{"line":24,"column":null}},"type":"if","locations":[{"start":{"line":20,"column":8},"end":{"line":24,"column":null}},{"start":{"line":22,"column":13},"end":{"line":24,"column":null}}]},"2":{"loc":{"start":{"line":36,"column":8},"end":{"line":40,"column":6}},"type":"if","locations":[{"start":{"line":36,"column":8},"end":{"line":40,"column":6}},{"start":{"line":38,"column":8},"end":{"line":40,"column":6}}]},"3":{"loc":{"start":{"line":42,"column":8},"end":{"line":46,"column":6}},"type":"if","locations":[{"start":{"line":42,"column":8},"end":{"line":46,"column":6}},{"start":{"line":44,"column":8},"end":{"line":46,"column":6}}]}},"s":{"0":8,"1":8,"2":8,"3":6,"4":5,"5":1,"6":4,"7":2,"8":2,"9":7,"10":3,"11":2,"12":1,"13":1,"14":2,"15":1,"16":1,"17":1},"f":{"0":8,"1":6,"2":4,"3":7,"4":3,"5":2,"6":2},"b":{"0":[5,1],"1":[2,2],"2":[1,1],"3":[1,1]}}
}
